#
# There is insufficient memory for the Java Runtime Environment to continue.
# Native memory allocation (malloc) failed to allocate 1778800 bytes for Chunk::new
# Possible reasons:
#   The system is out of physical RAM or swap space
#   In 32 bit mode, the process size limit was hit
# Possible solutions:
#   Reduce memory load on the system
#   Increase physical memory or swap space
#   Check if swap backing store is full
#   Use 64 bit Java on a 64 bit OS
#   Decrease Java heap size (-Xmx/-Xms)
#   Decrease number of Java threads
#   Decrease Java thread stack sizes (-Xss)
#   Set larger code cache with -XX:ReservedCodeCacheSize=
# This output file may be truncated or incomplete.
#
#  Out of Memory Error (allocation.cpp:390), pid=9816, tid=0x000000000000508c
#
# JRE version: Java(TM) SE Runtime Environment (8.0_181-b13) (build 1.8.0_181-b13)
# Java VM: Java HotSpot(TM) 64-Bit Server VM (25.181-b13 mixed mode windows-amd64 compressed oops)
# Failed to write core dump. Minidumps are not enabled by default on client versions of Windows
#

---------------  T H R E A D  ---------------

Current thread (0x000000001df9d800):  JavaThread "C2 CompilerThread1" daemon [_thread_in_native, id=20620, stack(0x000000001e970000,0x000000001ea70000)]

Stack: [0x000000001e970000,0x000000001ea70000]
[error occurred during error reporting (printing stack bounds), id 0xc0000005]

Native frames: (J=compiled Java code, j=interpreted, Vv=VM code, C=native code)


Current CompileTask:
C2:  25346 5557   !   4       com.sun.beans.TypeResolver::resolve (274 bytes)


---------------  P R O C E S S  ---------------

Java Threads: ( => current thread )
  0x0000000025456800 JavaThread "File lock request listener" [_thread_in_native, id=22576, stack(0x00000000234e0000,0x00000000235e0000)]
  0x0000000021126800 JavaThread "pool-1-thread-1" [_thread_blocked, id=3024, stack(0x0000000022010000,0x0000000022110000)]
  0x000000001e063000 JavaThread "Service Thread" daemon [_thread_blocked, id=25084, stack(0x000000001ec70000,0x000000001ed70000)]
  0x000000001dfa2800 JavaThread "C1 CompilerThread3" daemon [_thread_blocked, id=15544, stack(0x000000001eb70000,0x000000001ec70000)]
  0x000000001df9e000 JavaThread "C2 CompilerThread2" daemon [_thread_in_native, id=19200, stack(0x000000001ea70000,0x000000001eb70000)]
=>0x000000001df9d800 JavaThread "C2 CompilerThread1" daemon [_thread_in_native, id=20620, stack(0x000000001e970000,0x000000001ea70000)]
  0x000000001df9b800 JavaThread "C2 CompilerThread0" daemon [_thread_in_native, id=9856, stack(0x000000001e870000,0x000000001e970000)]
  0x000000001df99000 JavaThread "Attach Listener" daemon [_thread_blocked, id=12664, stack(0x000000001e770000,0x000000001e870000)]
  0x000000001df97800 JavaThread "Signal Dispatcher" daemon [_thread_blocked, id=26236, stack(0x000000001e670000,0x000000001e770000)]
  0x000000001c083000 JavaThread "Finalizer" daemon [_thread_blocked, id=23728, stack(0x000000001e370000,0x000000001e470000)]
  0x00000000026c9800 JavaThread "Reference Handler" daemon [_thread_blocked, id=12276, stack(0x000000001de70000,0x000000001df70000)]
  0x00000000025d2800 JavaThread "main" [_thread_in_vm, id=28540, stack(0x00000000024d0000,0x00000000025d0000)]

Other Threads:
  0x000000001c078800 VMThread [stack: 0x000000001dd70000,0x000000001de70000] [id=12928]
  0x000000001e066000 WatcherThread [stack: 0x000000001ed70000,0x000000001ee70000] [id=27300]

VM state:not at safepoint (normal execution)

VM Mutex/Monitor currently owned by a thread: None

Heap:
 PSYoungGen      total 104448K, used 102705K [0x000000076b780000, 0x0000000773100000, 0x00000007c0000000)
  eden space 90112K, 98% used [0x000000076b780000,0x0000000770dcd8f8,0x0000000770f80000)
  from space 14336K, 99% used [0x0000000772000000,0x0000000772dfec60,0x0000000772e00000)
  to   space 16896K, 0% used [0x0000000770f80000,0x0000000770f80000,0x0000000772000000)
 ParOldGen       total 125440K, used 18387K [0x00000006c2600000, 0x00000006ca080000, 0x000000076b780000)
  object space 125440K, 14% used [0x00000006c2600000,0x00000006c37f4f88,0x00000006ca080000)
 Metaspace       used 52564K, capacity 53828K, committed 54104K, reserved 1095680K
  class space    used 7136K, capacity 7477K, committed 7512K, reserved 1048576K

Card table byte_map: [0x0000000011a90000,0x0000000012280000] byte_map_base: 0x000000000e47d000

Marking Bits: (ParMarkBitMap*) 0x0000000051342d00
 Begin Bits: [0x0000000012fd0000, 0x0000000016f38000)
 End Bits:   [0x0000000016f38000, 0x000000001aea0000)

Polling page: 0x0000000000c40000

CodeCache: size=245760Kb used=20967Kb max_used=20967Kb free=224792Kb
 bounds [0x00000000026d0000, 0x0000000003b60000, 0x00000000116d0000]
 total_blobs=6408 nmethods=5645 adapters=675
 compilation: enabled

Compilation events (10 events):
Event: 25.334 Thread 0x000000001dfa2800 6093       3       org.gradle.model.internal.registry.RuleBinder$2::<init> (10 bytes)
Event: 25.334 Thread 0x000000001dfa2800 nmethod 6093 0x0000000003b58a90 code [0x0000000003b58be0, 0x0000000003b58db0]
Event: 25.334 Thread 0x000000001dfa2800 6088       3       org.gradle.model.internal.registry.DefaultModelRegistry$ApplyActions::<init> (23 bytes)
Event: 25.334 Thread 0x000000001dfa2800 nmethod 6088 0x0000000003b58e50 code [0x0000000003b59020, 0x0000000003b59770]
Event: 25.334 Thread 0x000000001dfa2800 6096       1       org.gradle.model.internal.registry.DefaultModelRegistry$MakeKnown::doIsAchieved (2 bytes)
Event: 25.334 Thread 0x000000001dfa2800 nmethod 6096 0x0000000003b59c50 code [0x0000000003b59da0, 0x0000000003b59eb0]
Event: 25.334 Thread 0x000000001dfa2800 6097       1       org.gradle.model.internal.registry.DefaultModelRegistry$ModelGoal::calculateDependencies (2 bytes)
Event: 25.334 Thread 0x000000001dfa2800 nmethod 6097 0x0000000003b59f10 code [0x0000000003b5a060, 0x0000000003b5a170]
Event: 25.334 Thread 0x000000001dfa2800 6099       1       com.google.common.base.Predicates$ObjectPredicate$1::apply (2 bytes)
Event: 25.334 Thread 0x000000001dfa2800 nmethod 6099 0x0000000003b5a1d0 code [0x0000000003b5a320, 0x0000000003b5a430]

GC Heap History (10 events):
Event: 18.510 GC heap before
{Heap before GC invocations=6 (full 1):
 PSYoungGen      total 75776K, used 62063K [0x000000076b780000, 0x0000000770c00000, 0x00000007c0000000)
  eden space 65024K, 84% used [0x000000076b780000,0x000000076ecfc1a0,0x000000076f700000)
  from space 10752K, 67% used [0x0000000770180000,0x000000077089fcc8,0x0000000770c00000)
  to   space 10752K, 0% used [0x000000076f700000,0x000000076f700000,0x0000000770180000)
 ParOldGen       total 83968K, used 14028K [0x00000006c2600000, 0x00000006c7800000, 0x000000076b780000)
  object space 83968K, 16% used [0x00000006c2600000,0x00000006c33b31c8,0x00000006c7800000)
 Metaspace       used 34505K, capacity 35102K, committed 35416K, reserved 1079296K
  class space    used 4639K, capacity 4876K, committed 4952K, reserved 1048576K
Event: 18.518 GC heap after
Heap after GC invocations=6 (full 1):
 PSYoungGen      total 74240K, used 9835K [0x000000076b780000, 0x0000000771280000, 0x00000007c0000000)
  eden space 63488K, 0% used [0x000000076b780000,0x000000076b780000,0x000000076f580000)
  from space 10752K, 91% used [0x000000076f700000,0x000000077009ad48,0x0000000770180000)
  to   space 14848K, 0% used [0x0000000770400000,0x0000000770400000,0x0000000771280000)
 ParOldGen       total 83968K, used 14100K [0x00000006c2600000, 0x00000006c7800000, 0x000000076b780000)
  object space 83968K, 16% used [0x00000006c2600000,0x00000006c33c51d8,0x00000006c7800000)
 Metaspace       used 34505K, capacity 35102K, committed 35416K, reserved 1079296K
  class space    used 4639K, capacity 4876K, committed 4952K, reserved 1048576K
}
Event: 18.518 GC heap before
{Heap before GC invocations=7 (full 2):
 PSYoungGen      total 74240K, used 9835K [0x000000076b780000, 0x0000000771280000, 0x00000007c0000000)
  eden space 63488K, 0% used [0x000000076b780000,0x000000076b780000,0x000000076f580000)
  from space 10752K, 91% used [0x000000076f700000,0x000000077009ad48,0x0000000770180000)
  to   space 14848K, 0% used [0x0000000770400000,0x0000000770400000,0x0000000771280000)
 ParOldGen       total 83968K, used 14100K [0x00000006c2600000, 0x00000006c7800000, 0x000000076b780000)
  object space 83968K, 16% used [0x00000006c2600000,0x00000006c33c51d8,0x00000006c7800000)
 Metaspace       used 34505K, capacity 35102K, committed 35416K, reserved 1079296K
  class space    used 4639K, capacity 4876K, committed 4952K, reserved 1048576K
Event: 18.588 GC heap after
Heap after GC invocations=7 (full 2):
 PSYoungGen      total 74240K, used 0K [0x000000076b780000, 0x0000000771280000, 0x00000007c0000000)
  eden space 63488K, 0% used [0x000000076b780000,0x000000076b780000,0x000000076f580000)
  from space 10752K, 0% used [0x000000076f700000,0x000000076f700000,0x0000000770180000)
  to   space 14848K, 0% used [0x0000000770400000,0x0000000770400000,0x0000000771280000)
 ParOldGen       total 125440K, used 16794K [0x00000006c2600000, 0x00000006ca080000, 0x000000076b780000)
  object space 125440K, 13% used [0x00000006c2600000,0x00000006c3666978,0x00000006ca080000)
 Metaspace       used 34453K, capacity 34982K, committed 35416K, reserved 1079296K
  class space    used 4623K, capacity 4836K, committed 4952K, reserved 1048576K
}
Event: 19.444 GC heap before
{Heap before GC invocations=8 (full 2):
 PSYoungGen      total 74240K, used 63488K [0x000000076b780000, 0x0000000771280000, 0x00000007c0000000)
  eden space 63488K, 100% used [0x000000076b780000,0x000000076f580000,0x000000076f580000)
  from space 10752K, 0% used [0x000000076f700000,0x000000076f700000,0x0000000770180000)
  to   space 14848K, 0% used [0x0000000770400000,0x0000000770400000,0x0000000771280000)
 ParOldGen       total 125440K, used 16794K [0x00000006c2600000, 0x00000006ca080000, 0x000000076b780000)
  object space 125440K, 13% used [0x00000006c2600000,0x00000006c3666978,0x00000006ca080000)
 Metaspace       used 37552K, capacity 38170K, committed 38616K, reserved 1083392K
  class space    used 5035K, capacity 5253K, committed 5336K, reserved 1048576K
Event: 19.452 GC heap after
Heap after GC invocations=8 (full 2):
 PSYoungGen      total 78848K, used 7718K [0x000000076b780000, 0x0000000772c00000, 0x00000007c0000000)
  eden space 64000K, 0% used [0x000000076b780000,0x000000076b780000,0x000000076f600000)
  from space 14848K, 51% used [0x0000000770400000,0x0000000770b89a58,0x0000000771280000)
  to   space 14336K, 0% used [0x000000076f600000,0x000000076f600000,0x0000000770400000)
 ParOldGen       total 125440K, used 16802K [0x00000006c2600000, 0x00000006ca080000, 0x000000076b780000)
  object space 125440K, 13% used [0x00000006c2600000,0x00000006c3668978,0x00000006ca080000)
 Metaspace       used 37552K, capacity 38170K, committed 38616K, reserved 1083392K
  class space    used 5035K, capacity 5253K, committed 5336K, reserved 1048576K
}
Event: 20.486 GC heap before
{Heap before GC invocations=9 (full 2):
 PSYoungGen      total 78848K, used 71718K [0x000000076b780000, 0x0000000772c00000, 0x00000007c0000000)
  eden space 64000K, 100% used [0x000000076b780000,0x000000076f600000,0x000000076f600000)
  from space 14848K, 51% used [0x0000000770400000,0x0000000770b89a58,0x0000000771280000)
  to   space 14336K, 0% used [0x000000076f600000,0x000000076f600000,0x0000000770400000)
 ParOldGen       total 125440K, used 16802K [0x00000006c2600000, 0x00000006ca080000, 0x000000076b780000)
  object space 125440K, 13% used [0x00000006c2600000,0x00000006c3668978,0x00000006ca080000)
 Metaspace       used 43646K, capacity 44342K, committed 44760K, reserved 1087488K
  class space    used 5853K, capacity 6088K, committed 6104K, reserved 1048576K
Event: 20.495 GC heap after
Heap after GC invocations=9 (full 2):
 PSYoungGen      total 78336K, used 10995K [0x000000076b780000, 0x0000000772e00000, 0x00000007c0000000)
  eden space 64000K, 0% used [0x000000076b780000,0x000000076b780000,0x000000076f600000)
  from space 14336K, 76% used [0x000000076f600000,0x00000007700bccb0,0x0000000770400000)
  to   space 14336K, 0% used [0x0000000772000000,0x0000000772000000,0x0000000772e00000)
 ParOldGen       total 125440K, used 16874K [0x00000006c2600000, 0x00000006ca080000, 0x000000076b780000)
  object space 125440K, 13% used [0x00000006c2600000,0x00000006c367a988,0x00000006ca080000)
 Metaspace       used 43646K, capacity 44342K, committed 44760K, reserved 1087488K
  class space    used 5853K, capacity 6088K, committed 6104K, reserved 1048576K
}
Event: 24.218 GC heap before
{Heap before GC invocations=10 (full 2):
 PSYoungGen      total 78336K, used 74995K [0x000000076b780000, 0x0000000772e00000, 0x00000007c0000000)
  eden space 64000K, 100% used [0x000000076b780000,0x000000076f600000,0x000000076f600000)
  from space 14336K, 76% used [0x000000076f600000,0x00000007700bccb0,0x0000000770400000)
  to   space 14336K, 0% used [0x0000000772000000,0x0000000772000000,0x0000000772e00000)
 ParOldGen       total 125440K, used 16874K [0x00000006c2600000, 0x00000006ca080000, 0x000000076b780000)
  object space 125440K, 13% used [0x00000006c2600000,0x00000006c367a988,0x00000006ca080000)
 Metaspace       used 48798K, capacity 49550K, committed 49880K, reserved 1091584K
  class space    used 6540K, capacity 6792K, committed 6872K, reserved 1048576K
Event: 24.229 GC heap after
Heap after GC invocations=10 (full 2):
 PSYoungGen      total 104448K, used 14331K [0x000000076b780000, 0x0000000773100000, 0x00000007c0000000)
  eden space 90112K, 0% used [0x000000076b780000,0x000000076b780000,0x0000000770f80000)
  from space 14336K, 99% used [0x0000000772000000,0x0000000772dfec60,0x0000000772e00000)
  to   space 16896K, 0% used [0x0000000770f80000,0x0000000770f80000,0x0000000772000000)
 ParOldGen       total 125440K, used 18387K [0x00000006c2600000, 0x00000006ca080000, 0x000000076b780000)
  object space 125440K, 14% used [0x00000006c2600000,0x00000006c37f4f88,0x00000006ca080000)
 Metaspace       used 48798K, capacity 49550K, committed 49880K, reserved 1091584K
  class space    used 6540K, capacity 6792K, committed 6872K, reserved 1048576K
}

Deoptimization events (10 events):
Event: 24.905 Thread 0x00000000025d2800 Uncommon trap: reason=unstable_if action=reinterpret pc=0x0000000003a26d2c method=java.util.TreeMap.put(Ljava/lang/Object;Ljava/lang/Object;)Ljava/lang/Object; @ 163
Event: 24.915 Thread 0x00000000025d2800 Uncommon trap: reason=unstable_if action=reinterpret pc=0x0000000003968e18 method=org.gradle.api.internal.ConventionAwareHelper.getConventionValue(Ljava/lang/Object;Ljava/lang/String;Z)Ljava/lang/Object; @ 19
Event: 25.030 Thread 0x00000000025d2800 Uncommon trap: reason=class_check action=maybe_recompile pc=0x00000000037c1538 method=java.util.Hashtable.put(Ljava/lang/Object;Ljava/lang/Object;)Ljava/lang/Object; @ 60
Event: 25.030 Thread 0x00000000025d2800 Uncommon trap: reason=class_check action=maybe_recompile pc=0x00000000037c1538 method=java.util.Hashtable.put(Ljava/lang/Object;Ljava/lang/Object;)Ljava/lang/Object; @ 60
Event: 25.050 Thread 0x00000000025d2800 Uncommon trap: reason=unstable_if action=reinterpret pc=0x000000000287bdc0 method=java.lang.String.replace(CC)Ljava/lang/String; @ 2
Event: 25.052 Thread 0x00000000025d2800 Uncommon trap: reason=unstable_if action=reinterpret pc=0x000000000353c614 method=groovy.lang.MetaClassImpl.checkIfStdMethod(Lgroovy/lang/MetaMethod;)V @ 79
Event: 25.052 Thread 0x00000000025d2800 Uncommon trap: reason=unstable_if action=reinterpret pc=0x00000000034e6cec method=groovy.lang.MetaClassImpl.checkIfStdMethod(Lgroovy/lang/MetaMethod;)V @ 79
Event: 25.052 Thread 0x00000000025d2800 Uncommon trap: reason=bimorphic action=maybe_recompile pc=0x000000000358c6ac method=org.codehaus.groovy.runtime.metaclass.MetaMethodIndex.addMethodToList(Ljava/lang/Object;Lgroovy/lang/MetaMethod;)Ljava/lang/Object; @ 91
Event: 25.052 Thread 0x00000000025d2800 Uncommon trap: reason=unstable_if action=reinterpret pc=0x00000000039d1dc0 method=org.codehaus.groovy.runtime.metaclass.MetaMethodIndex.copyNonPrivateNonNewMetaMethods(Lorg/codehaus/groovy/runtime/metaclass/MetaMethodIndex$Entry;Lorg/codehaus/groovy/runti
Event: 25.150 Thread 0x00000000025d2800 Uncommon trap: reason=unstable_if action=reinterpret pc=0x0000000003920dbc method=java.lang.ClassLoader.checkCerts(Ljava/lang/String;Ljava/security/CodeSource;)V @ 29

Classes redefined (0 events):
No events

Internal exceptions (10 events):
Event: 25.200 Thread 0x00000000025d2800 Exception <a 'java/lang/ClassNotFoundException': org/gradle/api/internal/tasks/DefaultTaskOutputsBeanInfo> (0x00000007705d78e0) thrown at [C:\re\workspace\8-2-build-windows-amd64-cygwin\jdk8u181\11358\hotspot\src\share\vm\classfile\systemDictionary.cpp, l
Event: 25.200 Thread 0x00000000025d2800 Exception <a 'java/lang/ClassNotFoundException': org/gradle/api/internal/tasks/DefaultTaskOutputsCustomizer> (0x00000007705e7ff0) thrown at [C:\re\workspace\8-2-build-windows-amd64-cygwin\jdk8u181\11358\hotspot\src\share\vm\classfile\systemDictionary.cpp,
Event: 25.205 Thread 0x00000000025d2800 Exception <a 'java/lang/ClassNotFoundException': org/apache/tools/ant/taskdefs/condition/OsBeanInfo> (0x0000000770624d50) thrown at [C:\re\workspace\8-2-build-windows-amd64-cygwin\jdk8u181\11358\hotspot\src\share\vm\classfile\systemDictionary.cpp, line 21
Event: 25.205 Thread 0x00000000025d2800 Exception <a 'java/lang/ClassNotFoundException': org/apache/tools/ant/taskdefs/condition/OsCustomizer> (0x000000077062eed8) thrown at [C:\re\workspace\8-2-build-windows-amd64-cygwin\jdk8u181\11358\hotspot\src\share\vm\classfile\systemDictionary.cpp, line 
Event: 25.264 Thread 0x00000000025d2800 Exception <a 'java/lang/ClassNotFoundException': org/gradle/platform/base/BinaryContainer_ImplBeanInfo> (0x00000007709873f0) thrown at [C:\re\workspace\8-2-build-windows-amd64-cygwin\jdk8u181\11358\hotspot\src\share\vm\classfile\systemDictionary.cpp, line
Event: 25.264 Thread 0x00000000025d2800 Exception <a 'java/lang/ClassNotFoundException': org/gradle/model/internal/core/NodeBackedModelMapBeanInfo> (0x0000000770996e08) thrown at [C:\re\workspace\8-2-build-windows-amd64-cygwin\jdk8u181\11358\hotspot\src\share\vm\classfile\systemDictionary.cpp, 
Event: 25.264 Thread 0x00000000025d2800 Exception <a 'java/lang/ClassNotFoundException': org/gradle/model/internal/core/ModelMapGroovyViewBeanInfo> (0x00000007709a6820) thrown at [C:\re\workspace\8-2-build-windows-amd64-cygwin\jdk8u181\11358\hotspot\src\share\vm\classfile\systemDictionary.cpp, 
Event: 25.264 Thread 0x00000000025d2800 Exception <a 'java/lang/ClassNotFoundException': org/gradle/model/internal/core/ModelMapGroovyViewCustomizer> (0x00000007709b6bd0) thrown at [C:\re\workspace\8-2-build-windows-amd64-cygwin\jdk8u181\11358\hotspot\src\share\vm\classfile\systemDictionary.cpp
Event: 25.265 Thread 0x00000000025d2800 Exception <a 'java/lang/ClassNotFoundException': org/gradle/model/internal/core/NodeBackedModelMapCustomizer> (0x00000007709da410) thrown at [C:\re\workspace\8-2-build-windows-amd64-cygwin\jdk8u181\11358\hotspot\src\share\vm\classfile\systemDictionary.cpp
Event: 25.267 Thread 0x00000000025d2800 Exception <a 'java/lang/ClassNotFoundException': org/gradle/platform/base/BinaryContainer_ImplCustomizer> (0x0000000770a36ba8) thrown at [C:\re\workspace\8-2-build-windows-amd64-cygwin\jdk8u181\11358\hotspot\src\share\vm\classfile\systemDictionary.cpp, li

Events (10 events):
Event: 25.326 loading class com/android/builder/internal/compiler/DxDexKey
Event: 25.326 loading class com/android/builder/internal/compiler/DxDexKey done
Event: 25.326 loading class com/android/builder/internal/compiler/DexKey
Event: 25.326 loading class com/android/builder/internal/compiler/DexKey done
Event: 25.332 loading class org/gradle/execution/taskgraph/DefaultTaskGraphExecuter$EventFiringTaskWorker
Event: 25.332 loading class org/gradle/execution/taskgraph/DefaultTaskGraphExecuter$EventFiringTaskWorker done
Event: 25.333 loading class org/gradle/api/internal/changedetection/state/InMemoryTaskArtifactCache$CacheCapSizer
Event: 25.333 loading class org/gradle/api/internal/changedetection/state/InMemoryTaskArtifactCache$CacheCapSizer done
Event: 25.334 loading class org/gradle/api/internal/changedetection/state/DefaultTaskArtifactStateCacheAccess
Event: 25.334 loading class org/gradle/api/internal/changedetection/state/DefaultTaskArtifactStateCacheAccess done


Dynamic libraries:
0x00007ff75c0e0000 - 0x00007ff75c117000 	D:\Program Files\Java\jdk1.8.0_181\bin\java.exe
0x00007ff973850000 - 0x00007ff973a2b000 	C:\WINDOWS\SYSTEM32\ntdll.dll
0x00007ff973110000 - 0x00007ff9731be000 	C:\WINDOWS\System32\KERNEL32.DLL
0x00007ff970730000 - 0x00007ff97097a000 	C:\WINDOWS\System32\KERNELBASE.dll
0x00007ff972c20000 - 0x00007ff972cc1000 	C:\WINDOWS\System32\ADVAPI32.dll
0x00007ff971040000 - 0x00007ff9710dd000 	C:\WINDOWS\System32\msvcrt.dll
0x00007ff970e30000 - 0x00007ff970e89000 	C:\WINDOWS\System32\sechost.dll
0x00007ff972af0000 - 0x00007ff972c15000 	C:\WINDOWS\System32\RPCRT4.dll
0x00007ff9734c0000 - 0x00007ff97360a000 	C:\WINDOWS\System32\USER32.dll
0x00007ff970470000 - 0x00007ff97048e000 	C:\WINDOWS\System32\win32u.dll
0x00007ff9728e0000 - 0x00007ff972907000 	C:\WINDOWS\System32\GDI32.dll
0x00007ff9705a0000 - 0x00007ff970728000 	C:\WINDOWS\System32\gdi32full.dll
0x00007ff970980000 - 0x00007ff970a1a000 	C:\WINDOWS\System32\msvcp_win.dll
0x00007ff970a20000 - 0x00007ff970b16000 	C:\WINDOWS\System32\ucrtbase.dll
0x00007ff953280000 - 0x00007ff9534e7000 	C:\WINDOWS\WinSxS\amd64_microsoft.windows.common-controls_6595b64144ccf1df_6.0.15063.1155_none_40c7922129a7722b\COMCTL32.dll
0x00007ff9731c0000 - 0x00007ff9734b9000 	C:\WINDOWS\System32\combase.dll
0x00007ff970cf0000 - 0x00007ff970d5a000 	C:\WINDOWS\System32\bcryptPrimitives.dll
0x00007ff971390000 - 0x00007ff9713bd000 	C:\WINDOWS\System32\IMM32.DLL
0x0000000053320000 - 0x00000000533f2000 	D:\Program Files\Java\jdk1.8.0_181\jre\bin\msvcr100.dll
0x0000000050b20000 - 0x00000000513c2000 	D:\Program Files\Java\jdk1.8.0_181\jre\bin\server\jvm.dll
0x00007ff9728c0000 - 0x00007ff9728c8000 	C:\WINDOWS\System32\PSAPI.DLL
0x00007ff965c60000 - 0x00007ff965c83000 	C:\WINDOWS\SYSTEM32\WINMM.dll
0x00007ff969660000 - 0x00007ff96966a000 	C:\WINDOWS\SYSTEM32\VERSION.dll
0x00007ff963a80000 - 0x00007ff963a89000 	C:\WINDOWS\SYSTEM32\WSOCK32.dll
0x00007ff972a80000 - 0x00007ff972aec000 	C:\WINDOWS\System32\WS2_32.dll
0x00007ff965c30000 - 0x00007ff965c5b000 	C:\WINDOWS\SYSTEM32\WINMMBASE.dll
0x00007ff970d60000 - 0x00007ff970da9000 	C:\WINDOWS\System32\cfgmgr32.dll
0x0000000053310000 - 0x000000005331f000 	D:\Program Files\Java\jdk1.8.0_181\jre\bin\verify.dll
0x00000000532e0000 - 0x0000000053309000 	D:\Program Files\Java\jdk1.8.0_181\jre\bin\java.dll
0x00000000532c0000 - 0x00000000532d6000 	D:\Program Files\Java\jdk1.8.0_181\jre\bin\zip.dll
0x00007ff9713c0000 - 0x00007ff9727f9000 	C:\WINDOWS\System32\SHELL32.dll
0x00007ff9712c0000 - 0x00007ff97136a000 	C:\WINDOWS\System32\shcore.dll
0x00007ff96fd70000 - 0x00007ff970461000 	C:\WINDOWS\System32\windows.storage.dll
0x00007ff970fe0000 - 0x00007ff971031000 	C:\WINDOWS\System32\shlwapi.dll
0x00007ff96fd50000 - 0x00007ff96fd61000 	C:\WINDOWS\System32\kernel.appcore.dll
0x00007ff96fcc0000 - 0x00007ff96fd0c000 	C:\WINDOWS\System32\powrprof.dll
0x00007ff96fd30000 - 0x00007ff96fd45000 	C:\WINDOWS\System32\profapi.dll
0x00000000532a0000 - 0x00000000532ba000 	D:\Program Files\Java\jdk1.8.0_181\jre\bin\net.dll
0x00007ff96f5d0000 - 0x00007ff96f62c000 	C:\WINDOWS\system32\mswsock.dll
0x0000000053280000 - 0x0000000053291000 	D:\Program Files\Java\jdk1.8.0_181\jre\bin\nio.dll
0x00007ff952690000 - 0x00007ff9526a2000 	C:\Users\rhoderickb\.gradle\native\19\windows-amd64\native-platform.dll
0x0000000180000000 - 0x0000000180037000 	C:\Users\rhoderickb\.gradle\native\jna\win32-amd64\jnidispatch.dll
0x00007ff96f770000 - 0x00007ff96f787000 	C:\WINDOWS\SYSTEM32\CRYPTSP.dll
0x00007ff96f200000 - 0x00007ff96f234000 	C:\WINDOWS\system32\rsaenh.dll
0x00007ff96f880000 - 0x00007ff96f8a5000 	C:\WINDOWS\SYSTEM32\bcrypt.dll
0x00007ff96fbf0000 - 0x00007ff96fc19000 	C:\WINDOWS\SYSTEM32\USERENV.dll
0x00007ff96f790000 - 0x00007ff96f79b000 	C:\WINDOWS\SYSTEM32\CRYPTBASE.dll
0x00007ff96f370000 - 0x00007ff96f3a7000 	C:\WINDOWS\SYSTEM32\IPHLPAPI.DLL
0x00007ff9728d0000 - 0x00007ff9728d8000 	C:\WINDOWS\System32\NSI.dll
0x00007ff96c950000 - 0x00007ff96c966000 	C:\WINDOWS\SYSTEM32\dhcpcsvc6.DLL
0x00007ff96c800000 - 0x00007ff96c81a000 	C:\WINDOWS\SYSTEM32\dhcpcsvc.DLL
0x0000000053270000 - 0x000000005327d000 	D:\Program Files\Java\jdk1.8.0_181\jre\bin\management.dll
0x0000000053240000 - 0x0000000053264000 	D:\Program Files\Java\jdk1.8.0_181\jre\bin\sunec.dll
0x00007ff96f3b0000 - 0x00007ff96f454000 	C:\WINDOWS\SYSTEM32\DNSAPI.dll
0x00007ff968e10000 - 0x00007ff968e1a000 	C:\Windows\System32\rasadhlp.dll
0x00007ff96c970000 - 0x00007ff96c9db000 	C:\WINDOWS\System32\fwpuclnt.dll
0x0000000053230000 - 0x000000005323b000 	D:\Program Files\Java\jdk1.8.0_181\jre\bin\sunmscapi.dll
0x00007ff970b20000 - 0x00007ff970ce9000 	C:\WINDOWS\System32\CRYPT32.dll
0x00007ff96fd10000 - 0x00007ff96fd21000 	C:\WINDOWS\System32\MSASN1.dll

VM Arguments:
jvm_args: -Dorg.gradle.appname=gradlew 
java_command: org.gradle.wrapper.GradleWrapperMain installDebug
java_class_path (initial): D:\react-native\ReactNativeMastersV2\android\\gradle\wrapper\gradle-wrapper.jar
Launcher Type: SUN_STANDARD

Environment Variables:
JAVA_HOME=D:\Program Files\Java\jdk1.8.0_181
CLASSPATH=D:\react-native\ReactNativeMastersV2\android\\gradle\wrapper\gradle-wrapper.jar
PATH=C:\Program Files (x86)\Common Files\Oracle\Java\javapath;C:\WINDOWS\system32;C:\WINDOWS;C:\WINDOWS\System32\Wbem;C:\WINDOWS\System32\WindowsPowerShell\v1.0\;C:\Program Files\Git\cmd;C:\Program Files\MySQL\MySQL Utilities 1.6\;C:\Program Files (x86)\Yarn\bin;C:\Program Files\Microsoft SQL Server\130\Tools\Binn\;C:\Program Files\dotnet\;C:\Program Files\Microsoft SQL Server\Client SDK\ODBC\130\Tools\Binn\;C:\Program Files (x86)\Microsoft SQL Server\140\Tools\Binn\;C:\Program Files\Microsoft SQL Server\140\Tools\Binn\;C:\Program Files\Microsoft SQL Server\140\DTS\Binn\;C:\Program Files (x86)\Microsoft SQL Server\Client SDK\ODBC\130\Tools\Binn\;C:\Program Files (x86)\Microsoft SQL Server\140\DTS\Binn\;C:\Program Files (x86)\Microsoft SQL Server\140\Tools\Binn\ManagementStudio\;C:\Program Files (x86)\Symantec\VIP Access Client\;C:\Program Files\Cloud Foundry;;D:\Program Files\Microsoft VS Code\bin;C:\Program Files\nodejs\;C:\Users\rhoderickb\AppData\Local\Microsoft\WindowsApps;C:\Users\rhoderickb\AppData\Local\Yarn\bin;C:\ProgramData\RhoderickB\atom\bin;D:\Program Files\Microsoft VS Code\bin;C:\ProgramData\rhoderickb\atom\bin;C:\ProgramData\RhoderickB\GitHubDesktop\bin;C:\ProgramData\rhoderickb\GitHubDesktop\bin;D:\Program Files\Java\jdk1.8.0_181\bin;D:\Android\Sdk\tools;D:\Android\Sdk\platform-tools;C:\Users\rhoderickb\AppData\Roaming\npm
USERNAME=RhoderickB
OS=Windows_NT
PROCESSOR_IDENTIFIER=Intel64 Family 6 Model 158 Stepping 9, GenuineIntel



---------------  S Y S T E M  ---------------

OS: Windows 10.0 , 64 bit Build 15063 (10.0.15063.1058)

CPU:total 8 (initial active 8) (4 cores per cpu, 2 threads per core) family 6 model 158 stepping 9, cmov, cx8, fxsr, mmx, sse, sse2, sse3, ssse3, sse4.1, sse4.2, popcnt, avx, avx2, aes, clmul, erms, 3dnowpref, lzcnt, ht, tsc, tscinvbit, bmi1, bmi2, adx

Memory: 4k page, physical 16620440k(3458188k free), swap 24224180k(5832k free)

vm_info: Java HotSpot(TM) 64-Bit Server VM (25.181-b13) for windows-amd64 JRE (1.8.0_181-b13), built on Jul  7 2018 04:01:33 by "java_re" with MS VC++ 10.0 (VS2010)

time: Thu Aug 30 20:07:08 2018
elapsed time: 25 seconds (0d 0h 0m 25s)

